10:00:51.528 [main] DEBUG u.s.matrix.desktop.start.Main - Current time: 2017-02-14T10:00:51.466
10:03:04.341 [main] DEBUG u.s.matrix.desktop.start.Main - Current time: 2017-02-14T10:03:04.279
10:46:01.481 [main] DEBUG u.s.matrix.desktop.start.Main - Current time: 2017-02-14T10:46:01.411
12:11:05.464 [main] DEBUG u.s.matrix.desktop.start.Main - Current time: 2017-02-14T12:11:05.394
12:11:16.321 [JavaFX Application Thread] DEBUG u.s.m.d.s.AuthenticationSessionManager - Open socket connection
12:11:16.951 [JavaFX Application Thread] DEBUG u.s.m.d.s.AuthenticationSessionManager - Auth response Ni3W5wb-Jv35DJmYqP58w6EbbXu8-KuW
12:11:17.062 [JavaFX Application Thread] DEBUG u.s.m.d.s.AuthenticationSessionManager - Project models [ProjectModel{id=5, title='bullshit project', description='bullshit', authorName='supervisor first name supervisor last name', startDate=2017-02-10, endDate=null, rate=2, rateCurrency=USD}]
12:11:17.063 [JavaFX Application Thread] DEBUG u.s.m.d.s.AuthenticationSessionManager - Socket connection closed
12:18:57.146 [main] DEBUG u.s.matrix.desktop.start.Main - Current time: 2017-02-14T12:18:57.081
12:18:59.533 [JavaFX Application Thread] DEBUG u.s.m.d.s.AuthenticationSessionManager - Open socket connection
12:18:59.616 [JavaFX Application Thread] DEBUG u.s.m.d.s.AuthenticationSessionManager - Auth response INVALID_USERNAME
12:22:16.849 [main] DEBUG u.s.matrix.desktop.start.Main - Current time: 2017-02-14T12:22:16.777
12:24:30.898 [main] DEBUG u.s.matrix.desktop.start.Main - Current time: 2017-02-14T12:24:30.832
12:24:39.603 [main] DEBUG u.s.matrix.desktop.start.Main - Current time: 2017-02-14T12:24:39.539
12:42:00.520 [main] DEBUG u.s.matrix.desktop.start.Main - Current time: 2017-02-14T12:42:00.411
12:42:05.763 [JavaFX Application Thread] DEBUG u.s.m.d.s.AuthenticationSessionManager - Open socket connection
12:42:05.803 [JavaFX Application Thread] DEBUG u.s.m.d.s.AuthenticationSessionManager - Auth response INVALID_USERNAME
12:42:32.137 [main] DEBUG u.s.matrix.desktop.start.Main - Current time: 2017-02-14T12:42:32.073
12:42:33.788 [JavaFX Application Thread] DEBUG u.s.m.d.s.AuthenticationSessionManager - Open socket connection
12:44:01.880 [main] DEBUG u.s.matrix.desktop.start.Main - Current time: 2017-02-14T12:44:01.750
12:44:04.939 [JavaFX Application Thread] DEBUG u.s.m.d.s.AuthenticationSessionManager - Open socket connection
12:45:03.744 [main] DEBUG u.s.matrix.desktop.start.Main - Current time: 2017-02-14T12:45:03.667
12:45:05.948 [JavaFX Application Thread] DEBUG u.s.m.d.s.AuthenticationSessionManager - Open socket connection
12:45:52.035 [main] DEBUG u.s.matrix.desktop.start.Main - Current time: 2017-02-14T12:45:51.953
12:45:54.029 [JavaFX Application Thread] DEBUG u.s.m.d.s.AuthenticationSessionManager - Open socket connection
12:46:09.518 [main] DEBUG u.s.matrix.desktop.start.Main - Current time: 2017-02-14T12:46:09.455
12:46:33.068 [main] DEBUG u.s.matrix.desktop.start.Main - Current time: 2017-02-14T12:46:32.991
12:47:18.591 [JavaFX Application Thread] DEBUG u.s.m.d.s.AuthenticationSessionManager - Socket connection closed
12:47:18.591 [JavaFX Application Thread] DEBUG u.s.m.d.s.AuthenticationSessionManager - Socket connection closed
12:47:18.591 [JavaFX Application Thread] DEBUG u.s.m.d.s.AuthenticationSessionManager - Socket connection closed
12:53:02.334 [main] DEBUG u.s.matrix.desktop.start.Main - Current time: 2017-02-14T12:53:02.269
12:53:04.276 [JavaFX Application Thread] DEBUG u.s.m.d.s.AuthenticationSessionManager - Open socket connection
12:53:04.400 [JavaFX Application Thread] DEBUG u.s.m.d.s.AuthenticationSessionManager - Auth response INVALID_USERNAME
13:04:10.113 [main] DEBUG u.s.matrix.desktop.start.Main - Current time: 2017-02-14T13:04:10.044
13:04:41.578 [main] DEBUG u.s.matrix.desktop.start.Main - Current time: 2017-02-14T13:04:41.507
13:04:51.009 [JavaFX Application Thread] DEBUG u.s.m.d.s.AuthenticationSessionManager - Open socket connection
13:04:51.053 [JavaFX Application Thread] DEBUG u.s.m.d.s.AuthenticationSessionManager - Auth response INVALID_USERNAME
13:05:51.667 [main] DEBUG u.s.matrix.desktop.start.Main - Current time: 2017-02-14T13:05:51.598
13:07:08.018 [main] DEBUG u.s.matrix.desktop.start.Main - Current time: 2017-02-14T13:07:07.949
13:07:14.353 [JavaFX Application Thread] DEBUG u.s.m.d.s.AuthenticationSessionManager - Open socket connection
13:07:14.483 [JavaFX Application Thread] DEBUG u.s.m.d.s.AuthenticationSessionManager - Auth response INVALID_USERNAME
13:08:23.758 [main] DEBUG u.s.matrix.desktop.start.Main - Current time: 2017-02-14T13:08:23.691
13:08:26.714 [JavaFX Application Thread] DEBUG u.s.m.d.s.AuthenticationSessionManager - Open socket connection
13:08:26.753 [JavaFX Application Thread] DEBUG u.s.m.d.s.AuthenticationSessionManager - Auth response INVALID_USERNAME
13:08:42.680 [main] DEBUG u.s.matrix.desktop.start.Main - Current time: 2017-02-14T13:08:42.608
13:09:00.369 [JavaFX Application Thread] DEBUG u.s.m.d.s.AuthenticationSessionManager - Open socket connection
13:09:01.322 [JavaFX Application Thread] DEBUG u.s.m.d.s.AuthenticationSessionManager - Auth response IvH63iAS8P5_AiJULm6RNT8HD5RxcLVJ
13:09:01.652 [JavaFX Application Thread] DEBUG u.s.m.d.s.AuthenticationSessionManager - Project models [ProjectModel{id=5, title='bullshit project', description='bullshit', authorName='supervisor first name supervisor last name', startDate=2017-02-10, endDate=null, rate=2, rateCurrency=USD}]
13:09:01.655 [JavaFX Application Thread] DEBUG u.s.m.d.s.AuthenticationSessionManager - Socket connection closed
13:09:37.894 [main] DEBUG u.s.matrix.desktop.start.Main - Current time: 2017-02-14T13:09:37.823
13:11:12.118 [main] DEBUG u.s.matrix.desktop.start.Main - Current time: 2017-02-14T13:11:12.051
13:11:21.685 [JavaFX Application Thread] DEBUG u.s.m.d.s.AuthenticationSessionManager - Open socket connection
13:11:21.720 [JavaFX Application Thread] DEBUG u.s.m.d.s.AuthenticationSessionManager - Auth response INVALID_USERNAME
13:12:31.226 [main] DEBUG u.s.matrix.desktop.start.Main - Current time: 2017-02-14T13:12:31.107
13:12:33.527 [JavaFX Application Thread] DEBUG u.s.m.d.s.AuthenticationSessionManager - Open socket connection
13:12:57.526 [main] DEBUG u.s.matrix.desktop.start.Main - Current time: 2017-02-14T13:12:57.393
13:16:11.238 [main] DEBUG u.s.matrix.desktop.start.Main - Current time: 2017-02-14T13:16:11.155
13:18:13.789 [main] DEBUG u.s.matrix.desktop.start.Main - Current time: 2017-02-14T13:18:13.690
13:20:37.572 [main] DEBUG u.s.matrix.desktop.start.Main - Current time: 2017-02-14T13:20:37.488
13:21:04.611 [main] DEBUG u.s.matrix.desktop.start.Main - Current time: 2017-02-14T13:21:04.534
13:26:06.651 [main] DEBUG u.s.matrix.desktop.start.Main - Current time: 2017-02-14T13:26:06.584
13:30:38.898 [main] DEBUG u.s.matrix.desktop.start.Main - Current time: 2017-02-14T13:30:38.814
13:31:02.149 [main] DEBUG u.s.matrix.desktop.start.Main - Current time: 2017-02-14T13:31:02.085
13:31:54.118 [main] DEBUG u.s.matrix.desktop.start.Main - Current time: 2017-02-14T13:31:54.054
13:32:11.000 [main] DEBUG u.s.matrix.desktop.start.Main - Current time: 2017-02-14T13:32:10.934
13:32:40.116 [main] DEBUG u.s.matrix.desktop.start.Main - Current time: 2017-02-14T13:32:40.051
13:33:37.753 [main] DEBUG u.s.matrix.desktop.start.Main - Current time: 2017-02-14T13:33:37.691
13:34:25.463 [main] DEBUG u.s.matrix.desktop.start.Main - Current time: 2017-02-14T13:34:25.401
13:41:52.791 [main] DEBUG u.s.matrix.desktop.start.Main - Current time: 2017-02-14T13:41:52.722
13:44:53.403 [main] DEBUG u.s.matrix.desktop.start.Main - Current time: 2017-02-14T13:44:53.333
13:45:01.667 [JavaFX Application Thread] DEBUG u.s.m.d.s.AuthenticationSessionManager - Open socket connection
13:45:01.702 [JavaFX Application Thread] DEBUG u.s.m.d.s.AuthenticationSessionManager - Auth response INVALID_USERNAME
13:45:04.582 [JavaFX Application Thread] DEBUG u.s.m.d.s.AuthenticationSessionManager - Open socket connection
13:46:25.270 [main] DEBUG u.s.matrix.desktop.start.Main - Current time: 2017-02-14T13:46:25.208
13:46:48.174 [main] DEBUG u.s.matrix.desktop.start.Main - Current time: 2017-02-14T13:46:48.108
13:47:00.100 [main] DEBUG u.s.matrix.desktop.start.Main - Current time: 2017-02-14T13:47:00.033
13:47:56.324 [main] DEBUG u.s.matrix.desktop.start.Main - Current time: 2017-02-14T13:47:56.219
13:48:27.226 [main] DEBUG u.s.matrix.desktop.start.Main - Current time: 2017-02-14T13:48:27.164
14:30:16.963 [main] DEBUG u.s.matrix.desktop.start.Main - Current time: 2017-02-14T14:30:16.902
14:30:36.277 [main] DEBUG u.s.matrix.desktop.start.Main - Current time: 2017-02-14T14:30:36.215
14:30:54.571 [main] DEBUG u.s.matrix.desktop.start.Main - Current time: 2017-02-14T14:30:54.506
15:31:37.365 [main] DEBUG u.s.matrix.desktop.start.Main - Current time: 2017-02-14T15:31:37.299
15:38:49.908 [main] DEBUG u.s.matrix.desktop.start.Main - Current time: 2017-02-14T15:38:49.846
15:39:09.260 [main] DEBUG u.s.matrix.desktop.start.Main - Current time: 2017-02-14T15:39:09.200
15:40:33.108 [main] DEBUG u.s.matrix.desktop.start.Main - Current time: 2017-02-14T15:40:33.038
15:41:01.079 [main] DEBUG u.s.matrix.desktop.start.Main - Current time: 2017-02-14T15:41:01.010
15:41:30.908 [main] DEBUG u.s.matrix.desktop.start.Main - Current time: 2017-02-14T15:41:30.836
15:46:24.671 [main] DEBUG u.s.matrix.desktop.start.Main - Current time: 2017-02-14T15:46:24.603
15:53:10.935 [main] DEBUG u.s.matrix.desktop.start.Main - Current time: 2017-02-14T15:53:10.865
16:06:27.369 [main] DEBUG u.s.matrix.desktop.start.Main - Current time: 2017-02-14T16:06:27.308
16:06:31.378 [JavaFX Application Thread] DEBUG u.s.m.d.s.AuthenticationSessionManager - Open socket connection
16:06:31.440 [JavaFX Application Thread] DEBUG u.s.m.d.s.AuthenticationSessionManager - Auth response INVALID_USERNAME
16:06:36.657 [JavaFX Application Thread] DEBUG u.s.m.d.s.AuthenticationSessionManager - Open socket connection
16:06:51.585 [main] DEBUG u.s.matrix.desktop.start.Main - Current time: 2017-02-14T16:06:51.500
16:06:55.631 [JavaFX Application Thread] DEBUG u.s.m.d.s.AuthenticationSessionManager - Open socket connection
16:06:55.692 [JavaFX Application Thread] DEBUG u.s.m.d.s.AuthenticationSessionManager - Auth response INVALID_USERNAME
16:07:00.467 [main] DEBUG u.s.matrix.desktop.start.Main - Current time: 2017-02-14T16:07:00.404
16:07:06.525 [JavaFX Application Thread] DEBUG u.s.m.d.s.AuthenticationSessionManager - Open socket connection
16:07:07.207 [JavaFX Application Thread] DEBUG u.s.m.d.s.AuthenticationSessionManager - Auth response gummlE02Uuy6zHw1bGchel18UpxWXSnV
16:07:07.349 [JavaFX Application Thread] DEBUG u.s.m.d.s.AuthenticationSessionManager - Project models received successfully: [ProjectModel{id=5, title='bullshit project', description='bullshit', authorName='supervisor first name supervisor last name', startDate=2017-02-10, endDate=null, rate=2, rateCurrency=USD}]
16:07:07.351 [JavaFX Application Thread] DEBUG u.s.m.d.s.AuthenticationSessionManager - Client settings model: ClientSettingsModel{version=1, screenshotUpdateFrequently=10, keyboardUpdateFrequently=5, downTime=5}
16:07:07.351 [JavaFX Application Thread] DEBUG u.s.m.d.s.AuthenticationSessionManager - Authentication completed
16:07:07.981 [JavaFX Application Thread] DEBUG u.s.m.d.s.AuthenticationSessionManager - Socket connection closed
16:07:41.656 [main] DEBUG u.s.matrix.desktop.start.Main - Current time: 2017-02-14T16:07:41.587
16:07:47.736 [JavaFX Application Thread] DEBUG u.s.m.d.s.AuthenticationSessionManager - Open socket connection
16:07:47.794 [JavaFX Application Thread] DEBUG u.s.m.d.s.AuthenticationSessionManager - Auth response INVALID_USERNAME
16:07:51.207 [JavaFX Application Thread] DEBUG u.s.m.d.s.AuthenticationSessionManager - Open socket connection
16:08:06.034 [main] DEBUG u.s.matrix.desktop.start.Main - Current time: 2017-02-14T16:08:05.966
16:08:21.931 [JavaFX Application Thread] DEBUG u.s.m.d.s.AuthenticationSessionManager - Open socket connection
16:08:22.631 [JavaFX Application Thread] DEBUG u.s.m.d.s.AuthenticationSessionManager - Auth response G_QAbdAys2TkZuidxTTOkXMr7zJAT-6o
16:08:22.757 [JavaFX Application Thread] DEBUG u.s.m.d.s.AuthenticationSessionManager - Project models received successfully: [ProjectModel{id=5, title='bullshit project', description='bullshit', authorName='supervisor first name supervisor last name', startDate=2017-02-10, endDate=null, rate=2, rateCurrency=USD}]
16:08:22.759 [JavaFX Application Thread] DEBUG u.s.m.d.s.AuthenticationSessionManager - Client settings model: ClientSettingsModel{version=1, screenshotUpdateFrequently=10, keyboardUpdateFrequently=5, downTime=5}
16:08:22.759 [JavaFX Application Thread] DEBUG u.s.m.d.s.AuthenticationSessionManager - Authentication completed
16:08:23.345 [JavaFX Application Thread] DEBUG u.s.m.d.s.AuthenticationSessionManager - Socket connection closed
16:08:35.249 [main] DEBUG u.s.matrix.desktop.start.Main - Current time: 2017-02-14T16:08:35.184
16:08:45.074 [JavaFX Application Thread] DEBUG u.s.m.d.s.AuthenticationSessionManager - Open socket connection
16:08:45.720 [JavaFX Application Thread] DEBUG u.s.m.d.s.AuthenticationSessionManager - Auth response lTgRQZquSCL5WEWPEIG4M_sp1FzO_tjX
16:08:45.846 [JavaFX Application Thread] DEBUG u.s.m.d.s.AuthenticationSessionManager - Project models received successfully: [ProjectModel{id=5, title='bullshit project', description='bullshit', authorName='supervisor first name supervisor last name', startDate=2017-02-10, endDate=null, rate=2, rateCurrency=USD}]
16:08:45.848 [JavaFX Application Thread] DEBUG u.s.m.d.s.AuthenticationSessionManager - Client settings model: ClientSettingsModel{version=1, screenshotUpdateFrequently=10, keyboardUpdateFrequently=5, downTime=5}
16:08:45.848 [JavaFX Application Thread] DEBUG u.s.m.d.s.AuthenticationSessionManager - Authentication completed
16:08:46.422 [JavaFX Application Thread] DEBUG u.s.m.d.s.AuthenticationSessionManager - Socket connection closed
16:18:03.862 [main] DEBUG u.s.matrix.desktop.start.Main - Current time: 2017-02-14T16:18:03.797
16:18:04.098 [JavaFX Application Thread] DEBUG u.s.m.d.s.AuthenticationSessionManager - Open socket connection
16:19:56.996 [main] DEBUG u.s.matrix.desktop.start.Main - Current time: 2017-02-14T16:19:56.932
16:19:57.589 [JavaFX Application Thread] DEBUG u.s.m.d.s.AuthenticationSessionManager - Open socket connection
16:20:00.735 [JavaFX Application Thread] DEBUG u.s.m.d.s.AuthenticationSessionManager - Auth response INVALID_USERNAME
16:20:04.583 [JavaFX Application Thread] DEBUG u.s.m.d.s.AuthenticationSessionManager - Auth response INVALID_USERNAME
16:20:06.760 [JavaFX Application Thread] DEBUG u.s.m.d.s.AuthenticationSessionManager - Auth response INVALID_USERNAME
16:20:07.824 [JavaFX Application Thread] DEBUG u.s.m.d.s.AuthenticationSessionManager - Auth response INVALID_USERNAME
16:20:08.447 [JavaFX Application Thread] DEBUG u.s.m.d.s.AuthenticationSessionManager - Auth response INVALID_USERNAME
16:20:08.607 [JavaFX Application Thread] DEBUG u.s.m.d.s.AuthenticationSessionManager - Auth response INVALID_USERNAME
16:20:08.955 [JavaFX Application Thread] DEBUG u.s.m.d.s.AuthenticationSessionManager - Auth response INVALID_USERNAME
16:20:09.120 [JavaFX Application Thread] DEBUG u.s.m.d.s.AuthenticationSessionManager - Auth response INVALID_USERNAME
16:20:09.262 [JavaFX Application Thread] DEBUG u.s.m.d.s.AuthenticationSessionManager - Auth response INVALID_USERNAME
16:20:09.390 [JavaFX Application Thread] DEBUG u.s.m.d.s.AuthenticationSessionManager - Auth response INVALID_USERNAME
16:20:09.534 [JavaFX Application Thread] DEBUG u.s.m.d.s.AuthenticationSessionManager - Auth response INVALID_USERNAME
16:20:09.689 [JavaFX Application Thread] DEBUG u.s.m.d.s.AuthenticationSessionManager - Auth response INVALID_USERNAME
16:20:09.841 [JavaFX Application Thread] DEBUG u.s.m.d.s.AuthenticationSessionManager - Auth response INVALID_USERNAME
16:20:09.959 [JavaFX Application Thread] DEBUG u.s.m.d.s.AuthenticationSessionManager - Auth response INVALID_USERNAME
16:20:10.103 [JavaFX Application Thread] DEBUG u.s.m.d.s.AuthenticationSessionManager - Auth response INVALID_USERNAME
16:20:10.246 [JavaFX Application Thread] DEBUG u.s.m.d.s.AuthenticationSessionManager - Auth response INVALID_USERNAME
16:20:10.385 [JavaFX Application Thread] DEBUG u.s.m.d.s.AuthenticationSessionManager - Auth response INVALID_USERNAME
16:20:10.518 [JavaFX Application Thread] DEBUG u.s.m.d.s.AuthenticationSessionManager - Auth response INVALID_USERNAME
16:20:10.662 [JavaFX Application Thread] DEBUG u.s.m.d.s.AuthenticationSessionManager - Auth response INVALID_USERNAME
16:20:10.808 [JavaFX Application Thread] DEBUG u.s.m.d.s.AuthenticationSessionManager - Auth response INVALID_USERNAME
16:20:10.942 [JavaFX Application Thread] DEBUG u.s.m.d.s.AuthenticationSessionManager - Auth response INVALID_USERNAME
16:20:11.080 [JavaFX Application Thread] DEBUG u.s.m.d.s.AuthenticationSessionManager - Auth response INVALID_USERNAME
16:20:11.226 [JavaFX Application Thread] DEBUG u.s.m.d.s.AuthenticationSessionManager - Auth response INVALID_USERNAME
16:20:11.342 [JavaFX Application Thread] DEBUG u.s.m.d.s.AuthenticationSessionManager - Auth response INVALID_USERNAME
16:20:19.371 [JavaFX Application Thread] DEBUG u.s.m.d.s.AuthenticationSessionManager - Auth response 9PqZ5JYuq8s5HfMFfqse82jfiFdIkBbx
16:20:19.482 [JavaFX Application Thread] DEBUG u.s.m.d.s.AuthenticationSessionManager - Project models received successfully: []
16:20:19.484 [JavaFX Application Thread] DEBUG u.s.m.d.s.AuthenticationSessionManager - Client settings model: ClientSettingsModel{version=1, screenshotUpdateFrequently=10, keyboardUpdateFrequently=5, downTime=5}
16:20:19.484 [JavaFX Application Thread] DEBUG u.s.m.d.s.AuthenticationSessionManager - Authentication completed
16:20:19.997 [JavaFX Application Thread] DEBUG u.s.m.d.s.AuthenticationSessionManager - Socket connection closed
16:23:14.216 [main] DEBUG u.s.matrix.desktop.start.Main - Current time: 2017-02-14T16:23:14.152
16:23:15.205 [JavaFX Application Thread] DEBUG u.s.m.d.s.AuthenticationSessionManager - Open socket connection
16:27:33.480 [main] DEBUG u.s.matrix.desktop.start.Main - Current time: 2017-02-14T16:27:33.406
16:27:34.034 [JavaFX Application Thread] DEBUG u.s.m.d.s.AuthenticationSessionManager - Open socket connection
16:28:34.475 [main] DEBUG u.s.matrix.desktop.start.Main - Current time: 2017-02-14T16:28:34.368
16:28:35.394 [JavaFX Application Thread] DEBUG u.s.m.d.s.AuthenticationSessionManager - Open socket connection
16:29:29.875 [main] DEBUG u.s.matrix.desktop.start.Main - Current time: 2017-02-14T16:29:29.801
16:29:30.359 [JavaFX Application Thread] DEBUG u.s.m.d.s.AuthenticationSessionManager - Open socket connection
16:30:34.659 [main] DEBUG u.s.matrix.desktop.start.Main - Current time: 2017-02-14T16:30:34.587
16:30:35.184 [JavaFX Application Thread] DEBUG u.s.m.d.s.AuthenticationSessionManager - Open socket connection
16:31:08.039 [main] DEBUG u.s.matrix.desktop.start.Main - Current time: 2017-02-14T16:31:07.959
16:31:08.532 [JavaFX Application Thread] DEBUG u.s.m.d.s.AuthenticationSessionManager - Open socket connection
16:31:31.408 [main] DEBUG u.s.matrix.desktop.start.Main - Current time: 2017-02-14T16:31:31.342
16:31:31.954 [JavaFX Application Thread] DEBUG u.s.m.d.s.AuthenticationSessionManager - Open socket connection
16:33:15.750 [main] DEBUG u.s.matrix.desktop.start.Main - Current time: 2017-02-14T16:33:15.687
16:33:16.362 [JavaFX Application Thread] DEBUG u.s.m.d.s.AuthenticationSessionManager - Open socket connection
16:34:05.333 [main] DEBUG u.s.matrix.desktop.start.Main - Current time: 2017-02-14T16:34:05.268
16:34:05.592 [JavaFX Application Thread] DEBUG u.s.m.d.s.AuthenticationSessionManager - Open socket connection
16:34:05.648 [JavaFX Application Thread] DEBUG u.s.m.d.s.AuthenticationSessionManager - Open socket connection
16:34:07.920 [JavaFX Application Thread] DEBUG u.s.m.d.s.AuthenticationSessionManager - Close session manually
16:34:07.920 [JavaFX Application Thread] DEBUG u.s.m.d.s.AuthenticationSessionManager - Socket connection closed
16:34:50.945 [main] DEBUG u.s.matrix.desktop.start.Main - Current time: 2017-02-14T16:34:50.887
16:34:51.185 [JavaFX Application Thread] DEBUG u.s.m.d.s.AuthenticationSessionManager - Open socket connection
16:34:51.242 [JavaFX Application Thread] DEBUG u.s.m.d.s.AuthenticationSessionManager - Open socket connection
16:35:15.358 [main] DEBUG u.s.matrix.desktop.start.Main - Current time: 2017-02-14T16:35:15.294
16:35:15.610 [JavaFX Application Thread] DEBUG u.s.m.d.s.AuthenticationSessionManager - Open socket connection
16:35:15.666 [JavaFX Application Thread] DEBUG u.s.m.d.s.AuthenticationSessionManager - Open socket connection
16:37:17.018 [main] DEBUG u.s.matrix.desktop.start.Main - Current time: 2017-02-14T16:37:16.956
16:37:17.257 [JavaFX Application Thread] DEBUG u.s.m.d.s.AuthenticationSessionManager - Open socket connection
16:37:17.313 [JavaFX Application Thread] DEBUG u.s.m.d.s.AuthenticationSessionManager - Open socket connection
16:37:20.641 [JavaFX Application Thread] DEBUG u.s.m.d.s.AuthenticationSessionManager - Close session manually
16:37:20.641 [JavaFX Application Thread] DEBUG u.s.m.d.s.AuthenticationSessionManager - Socket connection closed
16:37:28.100 [main] DEBUG u.s.matrix.desktop.start.Main - Current time: 2017-02-14T16:37:28.024
16:37:28.392 [JavaFX Application Thread] DEBUG u.s.m.d.s.AuthenticationSessionManager - Open socket connection
16:37:28.468 [JavaFX Application Thread] DEBUG u.s.m.d.s.AuthenticationSessionManager - Open socket connection
16:38:20.125 [main] DEBUG u.s.matrix.desktop.start.Main - Current time: 2017-02-14T16:38:20.055
16:38:21.112 [JavaFX Application Thread] DEBUG u.s.m.d.s.AuthenticationSessionManager - Open socket connection
16:38:30.223 [JavaFX Application Thread] DEBUG u.s.m.d.s.AuthenticationSessionManager - Close session manually
16:38:30.223 [JavaFX Application Thread] DEBUG u.s.m.d.s.AuthenticationSessionManager - Socket connection closed
16:38:34.747 [main] DEBUG u.s.matrix.desktop.start.Main - Current time: 2017-02-14T16:38:34.649
16:38:35.948 [JavaFX Application Thread] DEBUG u.s.m.d.s.AuthenticationSessionManager - Open socket connection
16:39:06.532 [main] DEBUG u.s.matrix.desktop.start.Main - Current time: 2017-02-14T16:39:06.470
16:39:07.641 [JavaFX Application Thread] DEBUG u.s.m.d.s.AuthenticationSessionManager - Open socket connection
17:10:01.165 [main] DEBUG u.s.matrix.desktop.start.Main - Current time: 2017-02-14T17:10:01.073
17:10:01.554 [JavaFX Application Thread] DEBUG u.s.m.d.s.AuthenticationSessionManager - Open socket connection
17:10:51.469 [main] DEBUG u.s.matrix.desktop.start.Main - Current time: 2017-02-14T17:10:51.393
17:10:56.871 [JavaFX Application Thread] DEBUG u.s.m.d.s.AuthenticationSessionManager - Open socket connection
17:11:18.425 [main] DEBUG u.s.matrix.desktop.start.Main - Current time: 2017-02-14T17:11:18.361
17:11:22.060 [JavaFX Application Thread] DEBUG u.s.m.d.s.AuthenticationSessionManager - Open socket connection
17:11:59.047 [main] DEBUG u.s.matrix.desktop.start.Main - Current time: 2017-02-14T17:11:58.978
17:12:20.496 [main] DEBUG u.s.matrix.desktop.start.Main - Current time: 2017-02-14T17:12:20.429
17:13:11.447 [main] DEBUG u.s.matrix.desktop.start.Main - Current time: 2017-02-14T17:13:11.386
17:13:41.700 [main] DEBUG u.s.matrix.desktop.start.Main - Current time: 2017-02-14T17:13:41.635
17:13:41.941 [JavaFX Application Thread] DEBUG u.s.m.d.s.AuthenticationSessionManager - Open socket connection
17:13:41.993 [JavaFX Application Thread] DEBUG u.s.m.d.s.AuthenticationSessionManager - Open socket connection
17:14:26.723 [main] DEBUG u.s.matrix.desktop.start.Main - Current time: 2017-02-14T17:14:26.656
17:14:26.983 [JavaFX Application Thread] DEBUG u.s.m.d.s.AuthenticationSessionManager - Open socket connection
17:15:08.920 [main] DEBUG u.s.matrix.desktop.start.Main - Current time: 2017-02-14T17:15:08.857
17:15:09.208 [JavaFX Application Thread] DEBUG u.s.m.d.s.AuthenticationSessionManager - Open socket connection
17:15:12.017 [JavaFX Application Thread] DEBUG u.s.m.d.s.AuthenticationSessionManager - Close Socket Connection
17:15:12.018 [JavaFX Application Thread] DEBUG u.s.m.d.s.AuthenticationSessionManager - Socket connection closed
17:15:20.027 [main] DEBUG u.s.matrix.desktop.start.Main - Current time: 2017-02-14T17:15:19.965
17:15:20.389 [JavaFX Application Thread] DEBUG u.s.m.d.s.AuthenticationSessionManager - Open socket connection
17:15:23.521 [JavaFX Application Thread] DEBUG u.s.m.d.s.AuthenticationSessionManager - Close Socket Connection
17:15:23.521 [JavaFX Application Thread] DEBUG u.s.m.d.s.AuthenticationSessionManager - Socket connection closed
17:15:32.545 [main] DEBUG u.s.matrix.desktop.start.Main - Current time: 2017-02-14T17:15:32.470
17:15:32.788 [JavaFX Application Thread] DEBUG u.s.m.d.s.AuthenticationSessionManager - Open socket connection
17:16:17.156 [main] DEBUG u.s.matrix.desktop.start.Main - Current time: 2017-02-14T17:16:17.089
17:16:23.202 [JavaFX Application Thread] DEBUG u.s.m.d.s.AuthenticationSessionManager - Open socket connection
17:16:55.071 [main] DEBUG u.s.matrix.desktop.start.Main - Current time: 2017-02-14T17:16:55.004
17:17:36.731 [main] DEBUG u.s.matrix.desktop.start.Main - Current time: 2017-02-14T17:17:36.643
17:19:49.405 [main] DEBUG u.s.matrix.desktop.start.Main - Current time: 2017-02-14T17:19:49.340
17:26:03.931 [main] DEBUG u.s.matrix.desktop.start.Main - Current time: 2017-02-14T17:26:03.828
17:27:43.853 [main] DEBUG u.s.matrix.desktop.start.Main - Current time: 2017-02-14T17:27:43.749
17:30:06.145 [main] DEBUG u.s.matrix.desktop.start.Main - Current time: 2017-02-14T17:30:06.025
17:39:40.504 [main] DEBUG u.s.matrix.desktop.start.Main - Current time: 2017-02-14T17:39:40.443
17:39:42.421 [JavaFX Application Thread] DEBUG u.s.m.d.s.AuthenticationSessionManager - Open socket connection
17:40:33.500 [main] DEBUG u.s.matrix.desktop.start.Main - Current time: 2017-02-14T17:40:33.441
17:40:47.805 [main] DEBUG u.s.matrix.desktop.start.Main - Current time: 2017-02-14T17:40:47.722
17:48:39.934 [main] DEBUG u.s.matrix.desktop.start.Main - Current time: 2017-02-14T17:48:39.872
17:53:47.587 [main] DEBUG u.s.matrix.desktop.start.Main - Current time: 2017-02-14T17:53:47.521
17:57:11.002 [main] DEBUG u.s.matrix.desktop.start.Main - Current time: 2017-02-14T17:57:10.936
18:22:04.078 [main] DEBUG u.s.matrix.desktop.start.Main - Current time: 2017-02-14T18:22:04.018
18:22:06.890 [JavaFX Application Thread] DEBUG u.s.m.d.s.AuthenticationSessionManager - Open socket connection
18:22:06.924 [JavaFX Application Thread] DEBUG u.s.m.d.s.AuthenticationSessionManager - Auth response INVALID_USERNAME
18:22:11.961 [JavaFX Application Thread] DEBUG u.s.m.d.s.AuthenticationSessionManager - Open socket connection
18:24:31.841 [main] DEBUG u.s.matrix.desktop.start.Main - Current time: 2017-02-14T18:24:31.773
18:24:40.152 [JavaFX Application Thread] DEBUG u.s.m.d.s.AuthenticationSessionManager - Open socket connection
18:24:40.793 [JavaFX Application Thread] DEBUG u.s.m.d.s.AuthenticationSessionManager - Auth response idh0EEvpNQd7V1TI2D17OJnWPSs6HbtG
18:24:40.905 [JavaFX Application Thread] DEBUG u.s.m.d.s.AuthenticationSessionManager - Project models received successfully: []
18:24:40.957 [JavaFX Application Thread] DEBUG u.s.m.d.s.AuthenticationSessionManager - Client settings model: ClientSettingsModel{version=1, screenshotUpdateFrequently=10, keyboardUpdateFrequently=5, downTime=5}
18:24:40.957 [JavaFX Application Thread] DEBUG u.s.m.d.s.AuthenticationSessionManager - Authentication completed
18:24:41.549 [JavaFX Application Thread] DEBUG u.s.m.d.s.AuthenticationSessionManager - Socket connection closed
19:14:54.015 [main] DEBUG u.s.matrix.desktop.start.Main - Current time: 2017-02-14T19:14:53.950
19:14:54.482 [JavaFX Application Thread] DEBUG u.s.m.d.s.AuthenticationSessionManager - Open socket connection
19:15:08.070 [JavaFX Application Thread] DEBUG u.s.m.d.s.AuthenticationSessionManager - Auth response INVALID_USERNAME
19:15:17.391 [JavaFX Application Thread] DEBUG u.s.m.d.s.AuthenticationSessionManager - Auth response INVALID_USERNAME
19:15:36.803 [JavaFX Application Thread] DEBUG u.s.m.d.s.AuthenticationSessionManager - Auth response DGX1oSrQ95aHHp8y-tDqXxLbbngcDrUH
19:15:36.931 [JavaFX Application Thread] DEBUG u.s.m.d.s.AuthenticationSessionManager - Project models received successfully: []
19:15:36.933 [JavaFX Application Thread] DEBUG u.s.m.d.s.AuthenticationSessionManager - Client settings model: ClientSettingsModel{version=1, screenshotUpdateFrequently=10, keyboardUpdateFrequently=5, downTime=5}
19:15:36.933 [JavaFX Application Thread] DEBUG u.s.m.d.s.AuthenticationSessionManager - Authentication completed
19:15:37.390 [JavaFX Application Thread] DEBUG u.s.m.d.s.AuthenticationSessionManager - Socket connection closed
